[debug] [2026-06-20T01:21:09.159Z] ----------------------------------------------------------------------
[debug] [2026-06-20T01:21:09.161Z] Command:       /opt/homebrew/Cellar/node/26.0.0/bin/node /opt/homebrew/bin/firebase deploy --only hosting --project worldcup26-ioextended
[debug] [2026-06-20T01:21:09.161Z] CLI Version:   15.22.0
[debug] [2026-06-20T01:21:09.161Z] Platform:      darwin
[debug] [2026-06-20T01:21:09.161Z] Node Version:  v26.0.0
[debug] [2026-06-20T01:21:09.161Z] Detected Agent: antigravity
[debug] [2026-06-20T01:21:09.161Z] Time:          Sat Jun 20 2026 04:21:09 GMT+0300 (East Africa Time)
[debug] [2026-06-20T01:21:09.161Z] ----------------------------------------------------------------------
[debug] 
[debug] [2026-06-20T01:21:10.256Z] > command requires scopes: ["email","openid","https://www.googleapis.com/auth/cloudplatformprojects.readonly","https://www.googleapis.com/auth/firebase","https://www.googleapis.com/auth/cloud-platform"]
[debug] [2026-06-20T01:21:10.256Z] > authorizing via signed-in user (kenmbugua@gmail.com)
[debug] [2026-06-20T01:21:10.256Z] [iam] checking project worldcup26-ioextended for permissions ["firebase.projects.get","firebasehosting.sites.update"]
[debug] [2026-06-20T01:21:10.256Z] Checked if tokens are valid: true, expires at: 1781920412734
[debug] [2026-06-20T01:21:10.257Z] Checked if tokens are valid: true, expires at: 1781920412734
[debug] [2026-06-20T01:21:10.257Z] >>> [apiv2][query] POST https://cloudresourcemanager.googleapis.com/v1/projects/worldcup26-ioextended:testIamPermissions [none]
[debug] [2026-06-20T01:21:10.257Z] >>> [apiv2][(partial)header] POST https://cloudresourcemanager.googleapis.com/v1/projects/worldcup26-ioextended:testIamPermissions  x-goog-user-project=worldcup26-ioextended
[debug] [2026-06-20T01:21:10.257Z] >>> [apiv2][body] POST https://cloudresourcemanager.googleapis.com/v1/projects/worldcup26-ioextended:testIamPermissions {"permissions":["firebase.projects.get","firebasehosting.sites.update"]}
[debug] [2026-06-20T01:21:11.333Z] <<< [apiv2][status] POST https://cloudresourcemanager.googleapis.com/v1/projects/worldcup26-ioextended:testIamPermissions 200
[debug] [2026-06-20T01:21:11.334Z] <<< [apiv2][body] POST https://cloudresourcemanager.googleapis.com/v1/projects/worldcup26-ioextended:testIamPermissions {"permissions":["firebase.projects.get","firebasehosting.sites.update"]}
[debug] [2026-06-20T01:21:11.335Z] Checked if tokens are valid: true, expires at: 1781920412734
[debug] [2026-06-20T01:21:11.335Z] Checked if tokens are valid: true, expires at: 1781920412734
[debug] [2026-06-20T01:21:11.335Z] >>> [apiv2][query] GET https://firebase.googleapis.com/v1beta1/projects/worldcup26-ioextended [none]
[debug] [2026-06-20T01:21:11.987Z] <<< [apiv2][status] GET https://firebase.googleapis.com/v1beta1/projects/worldcup26-ioextended 200
[debug] [2026-06-20T01:21:11.987Z] <<< [apiv2][body] GET https://firebase.googleapis.com/v1beta1/projects/worldcup26-ioextended {"projectId":"worldcup26-ioextended","projectNumber":"180712484966","displayName":"worldcup26-ioextended","name":"projects/worldcup26-ioextended","resources":{"hostingSite":"worldcup26-ioextended"},"state":"ACTIVE","etag":"1_f81ec6a8-f7e4-4243-a9f3-b152e035b1df"}
[info] 
   Thank you for trying our early preview of Next.js support on Firebase Hosting.
   During the preview, support is best-effort and breaking changes can be expected. Proceed with caution.
   The integration is known to work with Next.js version 12 - 16.0. You may encounter errors.

   Documentation: https://firebase.google.com/docs/hosting/frameworks/nextjs
   File a bug: https://github.com/firebase/firebase-tools/issues/new?template=bug_report.md
   Submit a feature request: https://github.com/firebase/firebase-tools/issues/new?template=feature_request.md

   We'd love to learn from you. Express your interest in helping us shape the future of Firebase Hosting: https://goo.gle/41enW5X

[debug] [2026-06-20T01:21:15.064Z] Checked if tokens are valid: true, expires at: 1781920412734
[debug] [2026-06-20T01:21:15.064Z] Checked if tokens are valid: true, expires at: 1781920412734
[debug] [2026-06-20T01:21:15.065Z] >>> [apiv2][query] GET https://firebasehosting.googleapis.com/v1beta1/projects/worldcup26-ioextended/sites/worldcup26-ioextended [none]
[debug] [2026-06-20T01:21:17.055Z] <<< [apiv2][status] GET https://firebasehosting.googleapis.com/v1beta1/projects/worldcup26-ioextended/sites/worldcup26-ioextended 200
[debug] [2026-06-20T01:21:17.055Z] <<< [apiv2][body] GET https://firebasehosting.googleapis.com/v1beta1/projects/worldcup26-ioextended/sites/worldcup26-ioextended {"name":"projects/worldcup26-ioextended/sites/worldcup26-ioextended","defaultUrl":"https://worldcup26-ioextended.web.app","type":"DEFAULT_SITE"}
[info] ▲ Next.js 16.2.9 (Turbopack)

[info] 

[info]   Creating an optimized production build ...

[info] 

[info] > Build error occurred

[info] Error: Turbopack build failed with 15 errors:
./node_modules/google-auth-library/build/src/auth/googleauth.js:17:25
Module not found: Can't resolve 'child_process'
  15 | Object.defineProperty(exports, "__esModule", { value: true });
  16 | exports.GoogleAuth = exports.GoogleAuthExceptionMessages = void 0;
> 17 | const child_process_1 = require("child_process");
     |                         ^^^^^^^^^^^^^^^^^^^^^^^^
  18 | const fs = require("fs");
  19 | const gaxios_1 = require("gaxios");
  20 | const gcpMetadata = require("gcp-metadata");



Import traces:
  App Route:
    ./node_modules/google-auth-library/build/src/auth/googleauth.js
    ./node_modules/google-auth-library/build/src/index.js
    ./src/utils/api.ts
    ./src/app/api/team/[id]/route.ts

  Client Component Browser:
    ./node_modules/google-auth-library/build/src/auth/googleauth.js [Client Component Browser]
    ./node_modules/google-auth-library/build/src/index.js [Client Component Browser]
    ./src/utils/api.ts [Client Component Browser]
    ./src/components/HighlightsCarousel.tsx [Client Component Browser]
    ./src/app/page.tsx [Client Component Browser]
    ./src/app/page.tsx [Server Component]

  Client Component SSR:
    ./node_modules/google-auth-library/build/src/auth/googleauth.js [Client Component SSR]
    ./node_modules/google-auth-library/build/src/index.js [Client Component SSR]
    ./src/utils/api.ts [Client Component SSR]
    ./src/components/HighlightsCarousel.tsx [Client Component SSR]
    ./src/app/page.tsx [Client Component SSR]
    ./src/app/page.tsx [Server Component]

https://nextjs.org/docs/messages/module-not-found


./node_modules/google-auth-library/build/src/auth/pluggable-auth-handler.js:18:22
Module not found: Can't resolve 'child_process'
  16 | exports.PluggableAuthHandler = exports.ExecutableError = void 0;
  17 | const executable_response_1 = require("./executable-response");
> 18 | const childProcess = require("child_process");
     |                      ^^^^^^^^^^^^^^^^^^^^^^^^
  19 | const fs = require("fs");
  20 | /**
  21 |  * Error thrown from the executable run by PluggableAuthClient.



Import traces:
  #1 [App Route]:
    ./node_modules/google-auth-library/build/src/auth/pluggable-auth-handler.js
    ./node_modules/google-auth-library/build/src/auth/googleauth.js
    ./node_modules/google-auth-library/build/src/index.js
    ./src/utils/api.ts
    ./src/app/api/team/[id]/route.ts

  #2 [App Route]:
    ./node_modules/google-auth-library/build/src/auth/pluggable-auth-handler.js
    ./node_modules/google-auth-library/build/src/auth/pluggable-auth-client.js
    ./node_modules/google-auth-library/build/src/index.js
    ./src/utils/api.ts
    ./src/app/api/team/[id]/route.ts

  #3 [Client Component Browser]:
    ./node_modules/google-auth-library/build/src/auth/pluggable-auth-handler.js [Client Component Browser]
    ./node_modules/google-auth-library/build/src/auth/pluggable-auth-client.js [Client Component Browser]
    ./node_modules/google-auth-library/build/src/index.js [Client Component Browser]
    ./src/utils/api.ts [Client Component Browser]
    ./src/components/HighlightsCarousel.tsx [Client Component Browser]
    ./src/app/page.tsx [Client Component Browser]
    ./src/app/page.tsx [Server Component]

  #4 [Client Component SSR]:
    ./node_modules/google-auth-library/build/src/auth/pluggable-auth-handler.js [Client Component SSR]
    ./node_modules/google-auth-library/build/src/auth/pluggable-auth-client.js [Client Component SSR]
    ./node_modules/google-auth-library/build/src/index.js [Client Component SSR]
    ./src/utils/api.ts [Client Component SSR]
    ./src/components/HighlightsCarousel.tsx [Client Component SSR]
    ./src/app/page.tsx [Client Component SSR]
    ./src/app/page.tsx [Server Component]

https://nextjs.org/docs/messages/module-not-found


./node_modules/gcp-metadata/build/src/gcp-residency.js:24:14
Module not found: Can't resolve 'fs'
  22 | exports.isGoogleComputeEngine = isGoogleComputeEngine;
  23 | exports.detectGCPResidency = detectGCPResidency;
> 24 | const fs_1 = require("fs");
     |              ^^^^^^^^^^^^^
  25 | const os_1 = require("os");
  26 | /**
  27 |  * Known paths unique to Google Compute Engine Linux instances



Import traces:
  App Route:
    ./node_modules/gcp-metadata/build/src/gcp-residency.js
    ./node_modules/gcp-metadata/build/src/index.js
    ./node_modules/google-auth-library/build/src/index.js
    ./src/utils/api.ts
    ./src/app/api/team/[id]/route.ts

  Client Component Browser:
    ./node_modules/gcp-metadata/build/src/gcp-residency.js [Client Component Browser]
    ./node_modules/gcp-metadata/build/src/index.js [Client Component Browser]
    ./node_modules/google-auth-library/build/src/index.js [Client Component Browser]
    ./src/utils/api.ts [Client Component Browser]
    ./src/components/HighlightsCarousel.tsx [Client Component Browser]
    ./src/app/page.tsx [Client Component Browser]
    ./src/app/page.tsx [Server Component]

  Client Component SSR:
    ./node_modules/gcp-metadata/build/src/gcp-residency.js [Client Component SSR]
    ./node_modules/gcp-metadata/build/src/index.js [Client Component SSR]
    ./node_modules/google-auth-library/build/src/index.js [Client Component SSR]
    ./src/utils/api.ts [Client Component SSR]
    ./src/components/HighlightsCarousel.tsx [Client Component SSR]
    ./src/app/page.tsx [Client Component SSR]
    ./src/app/page.tsx [Server Component]

https://nextjs.org/docs/messages/module-not-found


./node_modules/google-auth-library/build/src/auth/certificatesubjecttokensupplier.js:18:12
Module not found: Can't resolve 'fs'
  16 | exports.CertificateSubjectTokenSupplier = exports.InvalidConfigurationError = exports.Cert...
  17 | const util_1 = require("../util");
> 18 | const fs = require("fs");
     |            ^^^^^^^^^^^^^
  19 | const crypto_1 = require("crypto");
  20 | const https = require("https");
  21 | exports.CERTIFICATE_CONFIGURATION_ENV_VARIABLE = 'GOOGLE_API_CERTIFICATE_CONFIG';



Import traces:
  #1 [App Route]:
    ./node_modules/google-auth-library/build/src/auth/certificatesubjecttokensupplier.js
    ./node_modules/google-auth-library/build/src/auth/googleauth.js
    ./node_modules/google-auth-library/build/src/index.js
    ./src/utils/api.ts
    ./src/app/api/team/[id]/route.ts

  #2 [App Route]:
    ./node_modules/google-auth-library/build/src/auth/certificatesubjecttokensupplier.js
    ./node_modules/google-auth-library/build/src/auth/identitypoolclient.js
    ./node_modules/google-auth-library/build/src/index.js
    ./src/utils/api.ts
    ./src/app/api/team/[id]/route.ts

  #3 [Client Component Browser]:
    ./node_modules/google-auth-library/build/src/auth/certificatesubjecttokensupplier.js [Client Component Browser]
    ./node_modules/google-auth-library/build/src/auth/identitypoolclient.js [Client Component Browser]
    ./node_modules/google-auth-library/build/src/index.js [Client Component Browser]
    ./src/utils/api.ts [Client Component Browser]
    ./src/components/HighlightsCarousel.tsx [Client Component Browser]
    ./src/app/page.tsx [Client Component Browser]
    ./src/app/page.tsx [Server Component]

  #4 [Client Component SSR]:
    ./node_modules/google-auth-library/build/src/auth/certificatesubjecttokensupplier.js [Client Component SSR]
    ./node_modules/google-auth-library/build/src/auth/identitypoolclient.js [Client Component SSR]
    ./node_modules/google-auth-library/build/src/index.js [Client Component SSR]
    ./src/utils/api.ts [Client Component SSR]
    ./src/components/HighlightsCarousel.tsx [Client Component SSR]
    ./src/app/page.tsx [Client Component SSR]
    ./src/app/page.tsx [Server Component]

https://nextjs.org/docs/messages/module-not-found


./node_modules/google-auth-library/build/src/auth/filesubjecttokensupplier.js:18:12
Module not found: Can't resolve 'fs'
  16 | exports.FileSubjectTokenSupplier = void 0;
  17 | const util_1 = require("util");
> 18 | const fs = require("fs");
     |            ^^^^^^^^^^^^^
  19 | // fs.readfile is undefined in browser karma tests causing
  20 | // `npm run browser-test` to fail as test.oauth2.ts imports this file via
  21 | // src/index.ts.



Import traces:
  #1 [App Route]:
    ./node_modules/google-auth-library/build/src/auth/filesubjecttokensupplier.js
    ./node_modules/google-auth-library/build/src/auth/googleauth.js
    ./node_modules/google-auth-library/build/src/index.js
    ./src/utils/api.ts
    ./src/app/api/team/[id]/route.ts

  #2 [App Route]:
    ./node_modules/google-auth-library/build/src/auth/filesubjecttokensupplier.js
    ./node_modules/google-auth-library/build/src/auth/identitypoolclient.js
    ./node_modules/google-auth-library/build/src/index.js
    ./src/utils/api.ts
    ./src/app/api/team/[id]/route.ts

  #3 [Client Component Browser]:
    ./node_modules/google-auth-library/build/src/auth/filesubjecttokensupplier.js [Client Component Browser]
    ./node_modules/google-auth-library/build/src/auth/identitypoolclient.js [Client Component Browser]
    ./node_modules/google-auth-library/build/src/index.js [Client Component Browser]
    ./src/utils/api.ts [Client Component Browser]
    ./src/components/HighlightsCarousel.tsx [Client Component Browser]
    ./src/app/page.tsx [Client Component Browser]
    ./src/app/page.tsx [Server Component]

  #4 [Client Component SSR]:
    ./node_modules/google-auth-library/build/src/auth/filesubjecttokensupplier.js [Client Component SSR]
    ./node_modules/google-auth-library/build/src/auth/identitypoolclient.js [Client Component SSR]
    ./node_modules/google-auth-library/build/src/index.js [Client Component SSR]
    ./src/utils/api.ts [Client Component SSR]
    ./src/components/HighlightsCarousel.tsx [Client Component SSR]
    ./src/app/page.tsx [Client Component SSR]
    ./src/app/page.tsx [Server Component]

https://nextjs.org/docs/messages/module-not-found


./node_modules/google-auth-library/build/src/auth/gdchclient.js:18:12
Module not found: Can't resolve 'fs'
  16 | exports.GdchClient = exports.GDCH_SERVICE_ACCOUNT_TYPE = void 0;
  17 | const crypto = require("crypto");
> 18 | const fs = require("fs");
     |            ^^^^^^^^^^^^^
  19 | const https = require("https");
  20 | const oauth2client_1 = require("./oauth2client");
  21 | const DEFAULT_LIFETIME_IN_SECONDS = 3600;



Import traces:
  #1 [App Route]:
    ./node_modules/google-auth-library/build/src/auth/gdchclient.js
    ./node_modules/google-auth-library/build/src/index.js
    ./src/utils/api.ts
    ./src/app/api/team/[id]/route.ts

  #2 [App Route]:
    ./node_modules/google-auth-library/build/src/auth/gdchclient.js
    ./node_modules/google-auth-library/build/src/auth/googleauth.js
    ./node_modules/google-auth-library/build/src/index.js
    ./src/utils/api.ts
    ./src/app/api/team/[id]/route.ts

  #3 [Client Component Browser]:
    ./node_modules/google-auth-library/build/src/auth/gdchclient.js [Client Component Browser]
    ./node_modules/google-auth-library/build/src/index.js [Client Component Browser]
    ./src/utils/api.ts [Client Component Browser]
    ./src/components/HighlightsCarousel.tsx [Client Component Browser]
    ./src/app/page.tsx [Client Component Browser]
    ./src/app/page.tsx [Server Component]

  #4 [Client Component SSR]:
    ./node_modules/google-auth-library/build/src/auth/gdchclient.js [Client Component SSR]
    ./node_modules/google-auth-library/build/src/index.js [Client Component SSR]
    ./src/utils/api.ts [Client Component SSR]
    ./src/components/HighlightsCarousel.tsx [Client Component SSR]
    ./src/app/page.tsx [Client Component SSR]
    ./src/app/page.tsx [Server Component]

https://nextjs.org/docs/messages/module-not-found


./node_modules/google-auth-library/build/src/auth/googleauth.js:18:12
Module not found: Can't resolve 'fs'
  16 | exports.GoogleAuth = exports.GoogleAuthExceptionMessages = void 0;
  17 | const child_process_1 = require("child_process");
> 18 | const fs = require("fs");
     |            ^^^^^^^^^^^^^
  19 | const gaxios_1 = require("gaxios");
  20 | const gcpMetadata = require("gcp-metadata");
  21 | const os = require("os");



Import traces:
  App Route:
    ./node_modules/google-auth-library/build/src/auth/googleauth.js
    ./node_modules/google-auth-library/build/src/index.js
    ./src/utils/api.ts
    ./src/app/api/team/[id]/route.ts

  Client Component Browser:
    ./node_modules/google-auth-library/build/src/auth/googleauth.js [Client Component Browser]
    ./node_modules/google-auth-library/build/src/index.js [Client Component Browser]
    ./src/utils/api.ts [Client Component Browser]
    ./src/components/HighlightsCarousel.tsx [Client Component Browser]
    ./src/app/page.tsx [Client Component Browser]
    ./src/app/page.tsx [Server Component]

  Client Component SSR:
    ./node_modules/google-auth-library/build/src/auth/googleauth.js [Client Component SSR]
    ./node_modules/google-auth-library/build/src/index.js [Client Component SSR]
    ./src/utils/api.ts [Client Component SSR]
    ./src/components/HighlightsCarousel.tsx [Client Component SSR]
    ./src/app/page.tsx [Client Component SSR]
    ./src/app/page.tsx [Server Component]

https://nextjs.org/docs/messages/module-not-found


./node_modules/google-auth-library/build/src/auth/pluggable-auth-handler.js:19:12
Module not found: Can't resolve 'fs'
  17 | const executable_response_1 = require("./executable-response");
  18 | const childProcess = require("child_process");
> 19 | const fs = require("fs");
     |            ^^^^^^^^^^^^^
  20 | /**
  21 |  * Error thrown from the executable run by PluggableAuthClient.
  22 |  */



Import traces:
  #1 [App Route]:
    ./node_modules/google-auth-library/build/src/auth/pluggable-auth-handler.js
    ./node_modules/google-auth-library/build/src/auth/googleauth.js
    ./node_modules/google-auth-library/build/src/index.js
    ./src/utils/api.ts
    ./src/app/api/team/[id]/route.ts

  #2 [App Route]:
    ./node_modules/google-auth-library/build/src/auth/pluggable-auth-handler.js
    ./node_modules/google-auth-library/build/src/auth/pluggable-auth-client.js
    ./node_modules/google-auth-library/build/src/index.js
    ./src/utils/api.ts
    ./src/app/api/team/[id]/route.ts

  #3 [Client Component Browser]:
    ./node_modules/google-auth-library/build/src/auth/pluggable-auth-handler.js [Client Component Browser]
    ./node_modules/google-auth-library/build/src/auth/pluggable-auth-client.js [Client Component Browser]
    ./node_modules/google-auth-library/build/src/index.js [Client Component Browser]
    ./src/utils/api.ts [Client Component Browser]
    ./src/components/HighlightsCarousel.tsx [Client Component Browser]
    ./src/app/page.tsx [Client Component Browser]
    ./src/app/page.tsx [Server Component]

  #4 [Client Component SSR]:
    ./node_modules/google-auth-library/build/src/auth/pluggable-auth-handler.js [Client Component SSR]
    ./node_modules/google-auth-library/build/src/auth/pluggable-auth-client.js [Client Component SSR]
    ./node_modules/google-auth-library/build/src/index.js [Client Component SSR]
    ./src/utils/api.ts [Client Component SSR]
    ./src/components/HighlightsCarousel.tsx [Client Component SSR]
    ./src/app/page.tsx [Client Component SSR]
    ./src/app/page.tsx [Server Component]

https://nextjs.org/docs/messages/module-not-found


./node_modules/google-auth-library/build/src/gtoken/getCredentials.js:18:12
Module not found: Can't resolve 'fs'
  16 | exports.getCredentials = getCredentials;
  17 | const path = require("path");
> 18 | const fs = require("fs");
     |            ^^^^^^^^^^^^^
  19 | const util_1 = require("util");
  20 | const errorWithCode_1 = require("./errorWithCode");
  21 | const readFile = fs.readFile



Import traces:
  App Route:
    ./node_modules/google-auth-library/build/src/gtoken/getCredentials.js
    ./node_modules/google-auth-library/build/src/auth/jwtclient.js
    ./node_modules/google-auth-library/build/src/index.js
    ./src/utils/api.ts
    ./src/app/api/team/[id]/route.ts

  Client Component Browser:
    ./node_modules/google-auth-library/build/src/gtoken/getCredentials.js [Client Component Browser]
    ./node_modules/google-auth-library/build/src/auth/jwtclient.js [Client Component Browser]
    ./node_modules/google-auth-library/build/src/index.js [Client Component Browser]
    ./src/utils/api.ts [Client Component Browser]
    ./src/components/HighlightsCarousel.tsx [Client Component Browser]
    ./src/app/page.tsx [Client Component Browser]
    ./src/app/page.tsx [Server Component]

  Client Component SSR:
    ./node_modules/google-auth-library/build/src/gtoken/getCredentials.js [Client Component SSR]
    ./node_modules/google-auth-library/build/src/auth/jwtclient.js [Client Component SSR]
    ./node_modules/google-auth-library/build/src/index.js [Client Component SSR]
    ./src/utils/api.ts [Client Component SSR]
    ./src/components/HighlightsCarousel.tsx [Client Component SSR]
    ./src/app/page.tsx [Client Component SSR]
    ./src/app/page.tsx [Server Component]

https://nextjs.org/docs/messages/module-not-found


./node_modules/google-auth-library/build/src/util.js:22:12
Module not found: Can't resolve 'fs'
  20 | exports.isValidFile = isValidFile;
  21 | exports.getWellKnownCertificateConfigFileLocation = getWellKnownCertificateConfigFileLocat...
> 22 | const fs = require("fs");
     |            ^^^^^^^^^^^^^
  23 | const os = require("os");
  24 | const path = require("path");
  25 | const WELL_KNOWN_CERTIFICATE_CONFIG_FILE = 'certificate_config.json';



Import traces:
  App Route:
    ./node_modules/google-auth-library/build/src/util.js
    ./node_modules/google-auth-library/build/src/auth/baseexternalclient.js
    ./node_modules/google-auth-library/build/src/index.js
    ./src/utils/api.ts
    ./src/app/api/team/[id]/route.ts

  Client Component Browser:
    ./node_modules/google-auth-library/build/src/util.js [Client Component Browser]
    ./node_modules/google-auth-library/build/src/auth/baseexternalclient.js [Client Component Browser]
    ./node_modules/google-auth-library/build/src/index.js [Client Component Browser]
    ./src/utils/api.ts [Client Component Browser]
    ./src/components/HighlightsCarousel.tsx [Client Component Browser]
    ./src/app/page.tsx [Client Component Browser]
    ./src/app/page.tsx [Server Component]

  Client Component SSR:
    ./node_modules/google-auth-library/build/src/util.js [Client Component SSR]
    ./node_modules/google-auth-library/build/src/auth/baseexternalclient.js [Client Component SSR]
    ./node_modules/google-auth-library/build/src/index.js [Client Component SSR]
    ./src/utils/api.ts [Client Component SSR]
    ./src/components/HighlightsCarousel.tsx [Client Component SSR]
    ./src/app/page.tsx [Client Component SSR]
    ./src/app/page.tsx [Server Component]

https://nextjs.org/docs/messages/module-not-found


./node_modules/agent-base/dist/index.js:30:26
Module not found: Can't resolve 'net'
  28 | Object.defineProperty(exports, "__esModule", { value: true });
  29 | exports.Agent = void 0;
> 30 | const net = __importStar(require("net"));
     |                          ^^^^^^^^^^^^^^
  31 | const http = __importStar(require("http"));
  32 | const https_1 = require("https");
  33 | __exportStar(require("./helpers"), exports);



Import traces:
  App Route:
    ./node_modules/agent-base/dist/index.js
    ./node_modules/https-proxy-agent/dist/index.js
    ./node_modules/gaxios/build/cjs/src/gaxios.js
    ./node_modules/gaxios/build/cjs/src/index.js
    ./node_modules/google-auth-library/build/src/index.js
    ./src/utils/api.ts
    ./src/app/api/team/[id]/route.ts

  Client Component Browser:
    ./node_modules/agent-base/dist/index.js [Client Component Browser]
    ./node_modules/https-proxy-agent/dist/index.js [Client Component Browser]
    ./node_modules/gaxios/build/cjs/src/gaxios.js [Client Component Browser]
    ./node_modules/gaxios/build/cjs/src/index.js [Client Component Browser]
    ./node_modules/google-auth-library/build/src/index.js [Client Component Browser]
    ./src/utils/api.ts [Client Component Browser]
    ./src/components/DailySchedule.tsx [Client Component Browser]
    ./src/app/page.tsx [Client Component Browser]
    ./src/app/page.tsx [Server Component]

  Client Component SSR:
    ./node_modules/agent-base/dist/index.js [Client Component SSR]
    ./node_modules/https-proxy-agent/dist/index.js [Client Component SSR]
    ./node_modules/gaxios/build/cjs/src/gaxios.js [Client Component SSR]
    ./node_modules/gaxios/build/cjs/src/index.js [Client Component SSR]
    ./node_modules/google-auth-library/build/src/index.js [Client Component SSR]
    ./src/utils/api.ts [Client Component SSR]
    ./src/components/DailySchedule.tsx [Client Component SSR]
    ./src/app/page.tsx [Client Component SSR]
    ./src/app/page.tsx [Server Component]

https://nextjs.org/docs/messages/module-not-found


./node_modules/https-proxy-agent/dist/index.js:30:26
Module not found: Can't resolve 'net'
  28 | Object.defineProperty(exports, "__esModule", { value: true });
  29 | exports.HttpsProxyAgent = void 0;
> 30 | const net = __importStar(require("net"));
     |                          ^^^^^^^^^^^^^^
  31 | const tls = __importStar(require("tls"));
  32 | const assert_1 = __importDefault(require("assert"));
  33 | const debug_1 = __importDefault(require("debug"));



Import traces:
  App Route:
    ./node_modules/https-proxy-agent/dist/index.js
    ./node_modules/gaxios/build/cjs/src/gaxios.js
    ./node_modules/gaxios/build/cjs/src/index.js
    ./node_modules/google-auth-library/build/src/index.js
    ./src/utils/api.ts
    ./src/app/api/team/[id]/route.ts

  Client Component Browser:
    ./node_modules/https-proxy-agent/dist/index.js [Client Component Browser]
    ./node_modules/gaxios/build/cjs/src/gaxios.js [Client Component Browser]
    ./node_modules/gaxios/build/cjs/src/index.js [Client Component Browser]
    ./node_modules/google-auth-library/build/src/index.js [Client Component Browser]
    ./src/utils/api.ts [Client Component Browser]
    ./src/components/DailySchedule.tsx [Client Component Browser]
    ./src/app/page.tsx [Client Component Browser]
    ./src/app/page.tsx [Server Component]

  Client Component SSR:
    ./node_modules/https-proxy-agent/dist/index.js [Client Component SSR]
    ./node_modules/gaxios/build/cjs/src/gaxios.js [Client Component SSR]
    ./node_modules/gaxios/build/cjs/src/index.js [Client Component SSR]
    ./node_modules/google-auth-library/build/src/index.js [Client Component SSR]
    ./src/utils/api.ts [Client Component SSR]
    ./src/components/DailySchedule.tsx [Client Component SSR]
    ./src/app/page.tsx [Client Component SSR]
    ./src/app/page.tsx [Server Component]

https://nextjs.org/docs/messages/module-not-found


./node_modules/https-proxy-agent/dist/index.js:31:26
Module not found: Can't resolve 'tls'
  29 | exports.HttpsProxyAgent = void 0;
  30 | const net = __importStar(require("net"));
> 31 | const tls = __importStar(require("tls"));
     |                          ^^^^^^^^^^^^^^
  32 | const assert_1 = __importDefault(require("assert"));
  33 | const debug_1 = __importDefault(require("debug"));
  34 | const agent_base_1 = require("agent-base");



Import traces:
  App Route:
    ./node_modules/https-proxy-agent/dist/index.js
    ./node_modules/gaxios/build/cjs/src/gaxios.js
    ./node_modules/gaxios/build/cjs/src/index.js
    ./node_modules/google-auth-library/build/src/index.js
    ./src/utils/api.ts
    ./src/app/api/team/[id]/route.ts

  Client Component Browser:
    ./node_modules/https-proxy-agent/dist/index.js [Client Component Browser]
    ./node_modules/gaxios/build/cjs/src/gaxios.js [Client Component Browser]
    ./node_modules/gaxios/build/cjs/src/index.js [Client Component Browser]
    ./node_modules/google-auth-library/build/src/index.js [Client Component Browser]
    ./src/utils/api.ts [Client Component Browser]
    ./src/components/DailySchedule.tsx [Client Component Browser]
    ./src/app/page.tsx [Client Component Browser]
    ./src/app/page.tsx [Server Component]

  Client Component SSR:
    ./node_modules/https-proxy-agent/dist/index.js [Client Component SSR]
    ./node_modules/gaxios/build/cjs/src/gaxios.js [Client Component SSR]
    ./node_modules/gaxios/build/cjs/src/index.js [Client Component SSR]
    ./node_modules/google-auth-library/build/src/index.js [Client Component SSR]
    ./src/utils/api.ts [Client Component SSR]
    ./src/components/DailySchedule.tsx [Client Component SSR]
    ./src/app/page.tsx [Client Component SSR]
    ./src/app/page.tsx [Server Component]

https://nextjs.org/docs/messages/module-not-found


./node_modules/fetch-blob/from.js
Code generation for chunk item errored
An error occurred while generating the chunk item [project]/node_modules/fetch-blob/from.js [app-client] (ecmascript) <locals>

Caused by:
- the chunking context (unknown) does not support external modules (request: node:fs)

Debug info:
- An error occurred while generating the chunk item [project]/node_modules/fetch-blob/from.js [app-client] (ecmascript) <locals>
- Execution of <MergedEcmascriptModule as EcmascriptChunkPlaceable>::chunk_item_content failed
- Execution of *EcmascriptChunkItemContent::new failed
- Execution of EcmascriptModuleContent::new_merged failed
- the chunking context (unknown) does not support external modules (request: node:fs)

Import traces:
  App Route:
    ./node_modules/fetch-blob/from.js
    ./node_modules/node-fetch/src/index.js
    ./node_modules/gaxios/build/cjs/src/gaxios.js
    ./node_modules/gaxios/build/cjs/src/index.js
    ./node_modules/google-auth-library/build/src/index.js
    ./src/utils/api.ts
    ./src/app/api/team/[id]/route.ts

  Client Component Browser:
    ./node_modules/fetch-blob/from.js [Client Component Browser]
    ./node_modules/node-fetch/src/index.js [Client Component Browser]
    ./node_modules/gaxios/build/cjs/src/gaxios.js [Client Component Browser]
    ./node_modules/gaxios/build/cjs/src/index.js [Client Component Browser]
    ./node_modules/google-auth-library/build/src/index.js [Client Component Browser]
    ./src/utils/api.ts [Client Component Browser]
    ./src/components/DailySchedule.tsx [Client Component Browser]
    ./src/app/page.tsx [Client Component Browser]
    ./src/app/page.tsx [Server Component]

  Client Component SSR:
    ./node_modules/fetch-blob/from.js [Client Component SSR]
    ./node_modules/node-fetch/src/index.js [Client Component SSR]
    ./node_modules/gaxios/build/cjs/src/gaxios.js [Client Component SSR]
    ./node_modules/gaxios/build/cjs/src/index.js [Client Component SSR]
    ./node_modules/google-auth-library/build/src/index.js [Client Component SSR]
    ./src/utils/api.ts [Client Component SSR]
    ./src/components/DailySchedule.tsx [Client Component SSR]
    ./src/app/page.tsx [Client Component SSR]
    ./src/app/page.tsx [Server Component]


./node_modules/node-fetch/src/index.js
Code generation for chunk item errored
An error occurred while generating the chunk item [project]/node_modules/node-fetch/src/index.js [app-client] (ecmascript)

Caused by:
- the chunking context (unknown) does not support external modules (request: node:net)

Debug info:
- An error occurred while generating the chunk item [project]/node_modules/node-fetch/src/index.js [app-client] (ecmascript)
- Execution of <MergedEcmascriptModule as EcmascriptChunkPlaceable>::chunk_item_content failed
- Execution of *EcmascriptChunkItemContent::new failed
- Execution of EcmascriptModuleContent::new_merged failed
- the chunking context (unknown) does not support external modules (request: node:net)

Import traces:
  App Route:
    ./node_modules/node-fetch/src/index.js
    ./node_modules/gaxios/build/cjs/src/gaxios.js
    ./node_modules/gaxios/build/cjs/src/index.js
    ./node_modules/google-auth-library/build/src/index.js
    ./src/utils/api.ts
    ./src/app/api/team/[id]/route.ts

  Client Component Browser:
    ./node_modules/node-fetch/src/index.js [Client Component Browser]
    ./node_modules/gaxios/build/cjs/src/gaxios.js [Client Component Browser]
    ./node_modules/gaxios/build/cjs/src/index.js [Client Component Browser]
    ./node_modules/google-auth-library/build/src/index.js [Client Component Browser]
    ./src/utils/api.ts [Client Component Browser]
    ./src/components/DailySchedule.tsx [Client Component Browser]
    ./src/app/page.tsx [Client Component Browser]
    ./src/app/page.tsx [Server Component]

  Client Component SSR:
    ./node_modules/node-fetch/src/index.js [Client Component SSR]
    ./node_modules/gaxios/build/cjs/src/gaxios.js [Client Component SSR]
    ./node_modules/gaxios/build/cjs/src/index.js [Client Component SSR]
    ./node_modules/google-auth-library/build/src/index.js [Client Component SSR]
    ./src/utils/api.ts [Client Component SSR]
    ./src/components/DailySchedule.tsx [Client Component SSR]
    ./src/app/page.tsx [Client Component SSR]
    ./src/app/page.tsx [Server Component]


    at <unknown> (https://nextjs.org/docs/messages/module-not-found)
    ... collapsed 12 duplicate lines matching above 1 lines 12 times...

[debug] [2026-06-20T01:21:23.781Z] Error: ENOENT: no such file or directory, open '/Users/kennethkinyanjui/workspaces/funProjects/ioextended-labs/worldcup-yami/.next/server/middleware-manifest.json'
[error] 
[error] Error: An unexpected error has occurred.
